2020-05-29 23:08:23.882 [main] INFO  com.jp.eduservice.EduApplication - Starting EduApplication on SC-201911091620 with PID 18200 (E:\ITRelevant\project\NowDoingProject\Back-end\SprintBoot\guli_parent\service\service_edu\target\classes started by Administrator in E:\ITRelevant\project\NowDoingProject\Back-end\SprintBoot\guli_parent)
2020-05-29 23:08:23.885 [main] INFO  com.jp.eduservice.EduApplication - The following profiles are active: dev
2020-05-29 23:08:25.170 [main] INFO  o.s.d.r.config.RepositoryConfigurationDelegate - Multiple Spring Data modules found, entering strict repository configuration mode!
2020-05-29 23:08:25.172 [main] INFO  o.s.d.r.config.RepositoryConfigurationDelegate - Bootstrapping Spring Data Redis repositories in DEFAULT mode.
2020-05-29 23:08:25.204 [main] INFO  o.s.d.r.config.RepositoryConfigurationDelegate - Finished Spring Data repository scanning in 13ms. Found 0 Redis repository interfaces.
2020-05-29 23:08:25.798 [main] INFO  o.s.boot.web.embedded.tomcat.TomcatWebServer - Tomcat initialized with port(s): 8001 (http)
2020-05-29 23:08:25.808 [main] INFO  org.apache.coyote.http11.Http11NioProtocol - Initializing ProtocolHandler ["http-nio-8001"]
2020-05-29 23:08:25.808 [main] INFO  org.apache.catalina.core.StandardService - Starting service [Tomcat]
2020-05-29 23:08:25.808 [main] INFO  org.apache.catalina.core.StandardEngine - Starting Servlet engine: [Apache Tomcat/9.0.35]
2020-05-29 23:08:25.881 [main] INFO  o.a.c.core.ContainerBase.[Tomcat].[localhost].[/] - Initializing Spring embedded WebApplicationContext
2020-05-29 23:08:25.881 [main] INFO  org.springframework.web.context.ContextLoader - Root WebApplicationContext: initialization completed in 1959 ms
2020-05-29 23:08:26.085 [main] INFO  com.zaxxer.hikari.HikariDataSource - HikariPool-1 - Starting...
2020-05-29 23:08:28.428 [main] INFO  com.zaxxer.hikari.HikariDataSource - HikariPool-1 - Start completed.
2020-05-29 23:08:28.831 [main] INFO  s.d.s.w.PropertySourcedRequestMappingHandlerMapping - Mapped URL path [/v2/api-docs] onto method [springfox.documentation.swagger2.web.Swagger2Controller#getDocumentation(String, HttpServletRequest)]
2020-05-29 23:08:28.896 [main] INFO  o.s.scheduling.concurrent.ThreadPoolTaskExecutor - Initializing ExecutorService 'applicationTaskExecutor'
2020-05-29 23:08:29.308 [main] INFO  org.apache.coyote.http11.Http11NioProtocol - Starting ProtocolHandler ["http-nio-8001"]
2020-05-29 23:08:29.323 [main] INFO  o.s.boot.web.embedded.tomcat.TomcatWebServer - Tomcat started on port(s): 8001 (http) with context path ''
2020-05-29 23:08:29.324 [main] INFO  s.d.s.web.plugins.DocumentationPluginsBootstrapper - Context refreshed
2020-05-29 23:08:29.337 [main] INFO  s.d.s.web.plugins.DocumentationPluginsBootstrapper - Found 1 custom documentation plugin(s)
2020-05-29 23:08:29.363 [main] INFO  s.d.spring.web.scanners.ApiListingReferenceScanner - Scanning for api listing references
2020-05-29 23:08:29.499 [main] INFO  com.jp.eduservice.EduApplication - Started EduApplication in 6.08 seconds (JVM running for 7.055)
2020-05-29 23:08:38.460 [http-nio-8001-exec-1] INFO  org.apache.coyote.http11.Http11Processor - Error parsing HTTP request header
 Note: further occurrences of HTTP request parsing errors will be logged at DEBUG level.
java.lang.IllegalArgumentException: Invalid character found in method name [0x160x030x010x020x000x010x000x010xfc0x030x030xa80x090xff0xeb0xfapWH0xde0x0d&40x930xb6<^0xd00xe50x0a0x0a0xdeE0xc40x040xfa0xfb0xbf0xa6@p0xdb0xc5]. HTTP method names must be tokens
	at org.apache.coyote.http11.Http11InputBuffer.parseRequestLine(Http11InputBuffer.java:418)
	at org.apache.coyote.http11.Http11Processor.service(Http11Processor.java:260)
	at org.apache.coyote.AbstractProcessorLight.process(AbstractProcessorLight.java:65)
	at org.apache.coyote.AbstractProtocol$ConnectionHandler.process(AbstractProtocol.java:868)
	at org.apache.tomcat.util.net.NioEndpoint$SocketProcessor.doRun(NioEndpoint.java:1590)
	at org.apache.tomcat.util.net.SocketProcessorBase.run(SocketProcessorBase.java:49)
	at java.util.concurrent.ThreadPoolExecutor.runWorker(ThreadPoolExecutor.java:1149)
	at java.util.concurrent.ThreadPoolExecutor$Worker.run(ThreadPoolExecutor.java:624)
	at org.apache.tomcat.util.threads.TaskThread$WrappingRunnable.run(TaskThread.java:61)
	at java.lang.Thread.run(Thread.java:748)
2020-05-29 23:08:38.523 [http-nio-8001-exec-2] INFO  org.apache.coyote.http11.Http11Processor - Error parsing HTTP request header
 Note: further occurrences of HTTP request parsing errors will be logged at DEBUG level.
java.lang.IllegalArgumentException: Invalid character found in method name [0x160x030x010x020x000x010x000x010xfc0x030x030xa30xe0S0x010xafA0xb30xa3w0xb4$0xcd0x930xcb0x1dI0xd40x900xa00x160xc00x0d90xc90xd40x8d0xf50xb1-i0xb00xed]. HTTP method names must be tokens
	at org.apache.coyote.http11.Http11InputBuffer.parseRequestLine(Http11InputBuffer.java:418)
	at org.apache.coyote.http11.Http11Processor.service(Http11Processor.java:260)
	at org.apache.coyote.AbstractProcessorLight.process(AbstractProcessorLight.java:65)
	at org.apache.coyote.AbstractProtocol$ConnectionHandler.process(AbstractProtocol.java:868)
	at org.apache.tomcat.util.net.NioEndpoint$SocketProcessor.doRun(NioEndpoint.java:1590)
	at org.apache.tomcat.util.net.SocketProcessorBase.run(SocketProcessorBase.java:49)
	at java.util.concurrent.ThreadPoolExecutor.runWorker(ThreadPoolExecutor.java:1149)
	at java.util.concurrent.ThreadPoolExecutor$Worker.run(ThreadPoolExecutor.java:624)
	at org.apache.tomcat.util.threads.TaskThread$WrappingRunnable.run(TaskThread.java:61)
	at java.lang.Thread.run(Thread.java:748)
2020-05-29 23:08:53.888 [http-nio-8001-exec-5] INFO  o.a.c.core.ContainerBase.[Tomcat].[localhost].[/] - Initializing Spring DispatcherServlet 'dispatcherServlet'
2020-05-29 23:08:53.891 [http-nio-8001-exec-5] INFO  org.springframework.web.servlet.DispatcherServlet - Initializing Servlet 'dispatcherServlet'
2020-05-29 23:08:53.912 [http-nio-8001-exec-5] INFO  org.springframework.web.servlet.DispatcherServlet - Completed initialization in 20 ms
2020-05-29 23:47:29.856 [main] INFO  com.jp.eduservice.EduApplication - Starting EduApplication on SC-201911091620 with PID 4768 (E:\ITRelevant\project\NowDoingProject\Back-end\SprintBoot\guli_parent\service\service_edu\target\classes started by Administrator in E:\ITRelevant\project\NowDoingProject\Back-end\SprintBoot\guli_parent)
2020-05-29 23:47:29.859 [main] INFO  com.jp.eduservice.EduApplication - The following profiles are active: dev
2020-05-29 23:47:30.565 [main] INFO  o.s.d.r.config.RepositoryConfigurationDelegate - Multiple Spring Data modules found, entering strict repository configuration mode!
2020-05-29 23:47:30.567 [main] INFO  o.s.d.r.config.RepositoryConfigurationDelegate - Bootstrapping Spring Data Redis repositories in DEFAULT mode.
2020-05-29 23:47:30.591 [main] INFO  o.s.d.r.config.RepositoryConfigurationDelegate - Finished Spring Data repository scanning in 12ms. Found 0 Redis repository interfaces.
2020-05-29 23:47:31.017 [main] INFO  o.s.boot.web.embedded.tomcat.TomcatWebServer - Tomcat initialized with port(s): 8001 (http)
2020-05-29 23:47:31.025 [main] INFO  org.apache.coyote.http11.Http11NioProtocol - Initializing ProtocolHandler ["http-nio-8001"]
2020-05-29 23:47:31.025 [main] INFO  org.apache.catalina.core.StandardService - Starting service [Tomcat]
2020-05-29 23:47:31.025 [main] INFO  org.apache.catalina.core.StandardEngine - Starting Servlet engine: [Apache Tomcat/9.0.35]
2020-05-29 23:47:31.235 [main] INFO  o.a.c.core.ContainerBase.[Tomcat].[localhost].[/] - Initializing Spring embedded WebApplicationContext
2020-05-29 23:47:31.237 [main] INFO  org.springframework.web.context.ContextLoader - Root WebApplicationContext: initialization completed in 1338 ms
2020-05-29 23:47:31.459 [main] INFO  com.zaxxer.hikari.HikariDataSource - HikariPool-1 - Starting...
2020-05-29 23:47:32.596 [main] INFO  com.zaxxer.hikari.HikariDataSource - HikariPool-1 - Start completed.
2020-05-29 23:47:33.006 [main] INFO  s.d.s.w.PropertySourcedRequestMappingHandlerMapping - Mapped URL path [/v2/api-docs] onto method [springfox.documentation.swagger2.web.Swagger2Controller#getDocumentation(String, HttpServletRequest)]
2020-05-29 23:47:33.071 [main] INFO  o.s.scheduling.concurrent.ThreadPoolTaskExecutor - Initializing ExecutorService 'applicationTaskExecutor'
2020-05-29 23:47:33.408 [main] INFO  org.apache.coyote.http11.Http11NioProtocol - Starting ProtocolHandler ["http-nio-8001"]
2020-05-29 23:47:33.571 [main] INFO  o.s.boot.web.embedded.tomcat.TomcatWebServer - Tomcat started on port(s): 8001 (http) with context path ''
2020-05-29 23:47:33.572 [main] INFO  s.d.s.web.plugins.DocumentationPluginsBootstrapper - Context refreshed
2020-05-29 23:47:33.590 [main] INFO  s.d.s.web.plugins.DocumentationPluginsBootstrapper - Found 1 custom documentation plugin(s)
2020-05-29 23:47:33.623 [main] INFO  s.d.spring.web.scanners.ApiListingReferenceScanner - Scanning for api listing references
2020-05-29 23:47:33.781 [main] INFO  com.jp.eduservice.EduApplication - Started EduApplication in 4.391 seconds (JVM running for 5.1)
2020-05-29 23:47:37.247 [http-nio-8001-exec-1] INFO  o.a.c.core.ContainerBase.[Tomcat].[localhost].[/] - Initializing Spring DispatcherServlet 'dispatcherServlet'
2020-05-29 23:47:37.247 [http-nio-8001-exec-1] INFO  org.springframework.web.servlet.DispatcherServlet - Initializing Servlet 'dispatcherServlet'
2020-05-29 23:47:37.251 [http-nio-8001-exec-1] INFO  org.springframework.web.servlet.DispatcherServlet - Completed initialization in 4 ms
